<?xml version="1.0" encoding="UTF-8"?>
<!-- Generated by org.testng.reporters.JUnitReportReporter -->
<testsuite skipped="0" hostname="LAPTOP-46TSH4GD" name="tests.RegisterSuccessful" tests="1" failures="0" timestamp="30 Apr 2022 09:15:44 GMT" time="13.285" errors="0">
  <testcase name="verifyRegistration" time="13.285" classname="tests.RegisterSuccessful"/>
</testsuite> <!-- tests.RegisterSuccessful -->
